<?xml version="1.0" encoding="UTF-8" ?>
<testsuite tests="1" failures="0" name="robotbuilder.exporters.JavaExportTest" time="0.872" errors="1" skipped="0">
  <properties>
[...]
</properties>
  <testcase classname="robotbuilder.exporters.JavaExportTest" name="testJavaExport" time="0.865">
    <error message="Cannot run program &quot;ant.bat&quot; (in directory &quot;test-resources\RobotBuilderTestProject&quot;): CreateProcess error=2, The system cannot find the file specified" type="java.io.IOException">java.io.IOException: Cannot run program &quot;ant.bat&quot; (in directory &quot;test-resources\RobotBuilderTestProject&quot;): CreateProcess error=2, The system cannot find the file specified
	at java.lang.ProcessBuilder.start(ProcessBuilder.java:1048)
	at java.lang.Runtime.exec(Runtime.java:620)
	at java.lang.Runtime.exec(Runtime.java:450)
	at robotbuilder.exporters.JavaExportTest.testJavaExport(JavaExportTest.java:68)
	at sun.reflect.NativeMethodAccessorImpl.invoke0(Native Method)
	at sun.reflect.NativeMethodAccessorImpl.invoke(NativeMethodAccessorImpl.java:62)
	at sun.reflect.DelegatingMethodAccessorImpl.invoke(DelegatingMethodAccessorImpl.java:43)
	at java.lang.reflect.Method.invoke(Method.java:483)
	at org.junit.runners.model.FrameworkMethod$1.runReflectiveCall(FrameworkMethod.java:47)
	at org.junit.internal.runners.model.ReflectiveCallable.run(ReflectiveCallable.java:12)
	at org.junit.runners.model.FrameworkMethod.invokeExplosively(FrameworkMethod.java:44)
	at org.junit.internal.runners.statements.InvokeMethod.evaluate(InvokeMethod.java:17)
	at org.junit.internal.runners.statements.RunBefores.evaluate(RunBefores.java:26)
	at org.junit.internal.runners.statements.RunAfters.evaluate(RunAfters.java:27)
	at org.junit.runners.ParentRunner.runLeaf(ParentRunner.java:271)
	at org.junit.runners.BlockJUnit4ClassRunner.runChild(BlockJUnit4ClassRunner.java:70)
	at org.junit.runners.BlockJUnit4ClassRunner.runChild(BlockJUnit4ClassRunner.java:50)
	at org.junit.runners.ParentRunner$3.run(ParentRunner.java:238)
	at org.junit.runners.ParentRunner$1.schedule(ParentRunner.java:63)
	at org.junit.runners.ParentRunner.runChildren(ParentRunner.java:236)
	at org.junit.runners.ParentRunner.access$000(ParentRunner.java:53)
	at org.junit.runners.ParentRunner$2.evaluate(ParentRunner.java:229)
	at org.junit.internal.runners.statements.RunBefores.evaluate(RunBefores.java:26)
	at org.junit.internal.runners.statements.RunAfters.evaluate(RunAfters.java:27)
	at org.junit.runners.ParentRunner.run(ParentRunner.java:309)
	at org.apache.maven.surefire.junit4.JUnit4TestSet.execute(JUnit4TestSet.java:53)
	at org.apache.maven.surefire.junit4.JUnit4Provider.executeTestSet(JUnit4Provider.java:123)
	at org.apache.maven.surefire.junit4.JUnit4Provider.invoke(JUnit4Provider.java:104)
	at sun.reflect.NativeMethodAccessorImpl.invoke0(Native Method)
	at sun.reflect.NativeMethodAccessorImpl.invoke(NativeMethodAccessorImpl.java:62)
	at sun.reflect.DelegatingMethodAccessorImpl.invoke(DelegatingMethodAccessorImpl.java:43)
	at java.lang.reflect.Method.invoke(Method.java:483)
	at org.apache.maven.surefire.util.ReflectionUtils.invokeMethodWithArray(ReflectionUtils.java:164)
	at org.apache.maven.surefire.booter.ProviderFactory$ProviderProxy.invoke(ProviderFactory.java:110)
	at org.apache.maven.surefire.booter.SurefireStarter.invokeProvider(SurefireStarter.java:175)
	at org.apache.maven.surefire.booter.SurefireStarter.runSuitesInProcessWhenForked(SurefireStarter.java:107)
	at org.apache.maven.surefire.booter.ForkedBooter.main(ForkedBooter.java:68)
Caused by: java.io.IOException: CreateProcess error=2, The system cannot find the file specified
	at java.lang.ProcessImpl.create(Native Method)
	at java.lang.ProcessImpl.&lt;init&gt;(ProcessImpl.java:386)
	at java.lang.ProcessImpl.start(ProcessImpl.java:137)
	at java.lang.ProcessBuilder.start(ProcessBuilder.java:1029)
	... 36 more
</error>
    <system-out>Accessory set.
/export/java/BSD_License_for_WPILib_code.txt --&gt; C:\usfirst-frc-team-2135\trunk\software\2015\RobotBuilder\robotbuilder\test-resources\RobotBuilderTestProject\BSD_License_for_WPILib_code.txt
/export/java/build.properties --&gt; C:\usfirst-frc-team-2135\trunk\software\2015\RobotBuilder\robotbuilder\test-resources\RobotBuilderTestProject\build.properties
/export/java/build.xml --&gt; C:\usfirst-frc-team-2135\trunk\software\2015\RobotBuilder\robotbuilder\test-resources\RobotBuilderTestProject\build.xml
/export/java/.project --&gt; C:\usfirst-frc-team-2135\trunk\software\2015\RobotBuilder\robotbuilder\test-resources\RobotBuilderTestProject\.project
/export/java/.classpath --&gt; C:\usfirst-frc-team-2135\trunk\software\2015\RobotBuilder\robotbuilder\test-resources\RobotBuilderTestProject\.classpath
/export/java/RobotTemplate.java --&gt; C:\usfirst-frc-team-2135\trunk\software\2015\RobotBuilder\robotbuilder\test-resources\RobotBuilderTestProject\src\org\usfirst\frc0\RobotBuilderTestProject\Robot.java
/export/java/RobotMap.java --&gt; C:\usfirst-frc-team-2135\trunk\software\2015\RobotBuilder\robotbuilder\test-resources\RobotBuilderTestProject\src\org\usfirst\frc0\RobotBuilderTestProject\RobotMap.java
/export/java/OI.java --&gt; C:\usfirst-frc-team-2135\trunk\software\2015\RobotBuilder\robotbuilder\test-resources\RobotBuilderTestProject\src\org\usfirst\frc0\RobotBuilderTestProject\OI.java
/export/java/Command.java --&gt; C:\usfirst-frc-team-2135\trunk\software\2015\RobotBuilder\robotbuilder\test-resources\RobotBuilderTestProject\src\org\usfirst\frc0\RobotBuilderTestProject\commands\TankDrive.java
/export/java/Command.java --&gt; C:\usfirst-frc-team-2135\trunk\software\2015\RobotBuilder\robotbuilder\test-resources\RobotBuilderTestProject\src\org\usfirst\frc0\RobotBuilderTestProject\commands\ArmUp.java
/export/java/CommandGroup.java --&gt; C:\usfirst-frc-team-2135\trunk\software\2015\RobotBuilder\robotbuilder\test-resources\RobotBuilderTestProject\src\org\usfirst\frc0\RobotBuilderTestProject\commands\Autonomous.java
/export/java/Command.java --&gt; C:\usfirst-frc-team-2135\trunk\software\2015\RobotBuilder\robotbuilder\test-resources\RobotBuilderTestProject\src\org\usfirst\frc0\RobotBuilderTestProject\commands\AutonomousCommand.java
/export/java/Subsystem.java --&gt; C:\usfirst-frc-team-2135\trunk\software\2015\RobotBuilder\robotbuilder\test-resources\RobotBuilderTestProject\src\org\usfirst\frc0\RobotBuilderTestProject\subsystems\DriveTrain.java
/export/java/Subsystem.java --&gt; C:\usfirst-frc-team-2135\trunk\software\2015\RobotBuilder\robotbuilder\test-resources\RobotBuilderTestProject\src\org\usfirst\frc0\RobotBuilderTestProject\subsystems\Arm.java
/export/java/PIDSubsystem.java --&gt; C:\usfirst-frc-team-2135\trunk\software\2015\RobotBuilder\robotbuilder\test-resources\RobotBuilderTestProject\src\org\usfirst\frc0\RobotBuilderTestProject\subsystems\Wrist.java
====================================================
Trying *NIX compile...
Trying Windows compile...
</system-out>
  </testcase>
</testsuite>